2025-07-30 14:01:45,003 [INFO] Processing document: data/HR Leave Policy.pdf
2025-07-30 14:01:45,003 [INFO] ============================================================
2025-07-30 14:01:49,017 [INFO] pikepdf C++ to Python logger bridge initialized
2025-07-30 14:01:49,462 [WARNING] Could get FontBBox from font descriptor because None cannot be parsed as 4 floats
2025-07-30 14:01:49,465 [WARNING] Could get FontBBox from font descriptor because None cannot be parsed as 4 floats
2025-07-30 14:01:49,645 [WARNING] Could get FontBBox from font descriptor because None cannot be parsed as 4 floats
2025-07-30 14:01:49,725 [WARNING] Could get FontBBox from font descriptor because None cannot be parsed as 4 floats
2025-07-30 14:01:49,805 [WARNING] Could get FontBBox from font descriptor because None cannot be parsed as 4 floats
2025-07-30 14:01:49,807 [WARNING] Could get FontBBox from font descriptor because None cannot be parsed as 4 floats
2025-07-30 14:01:50,289 [INFO] ✅ Created 11 chunks for hr_leave_policy, saved to docs_chunks/hr_leave_policy_chunks.json
2025-07-30 14:01:50,290 [INFO] Processing document: data/HR Travel Policy.pdf
2025-07-30 14:01:50,290 [INFO] ============================================================
2025-07-30 14:01:50,293 [WARNING] Could get FontBBox from font descriptor because None cannot be parsed as 4 floats
2025-07-30 14:01:50,300 [WARNING] Could get FontBBox from font descriptor because None cannot be parsed as 4 floats
2025-07-30 14:01:50,301 [WARNING] Could get FontBBox from font descriptor because None cannot be parsed as 4 floats
2025-07-30 14:01:50,505 [WARNING] Could get FontBBox from font descriptor because None cannot be parsed as 4 floats
2025-07-30 14:01:50,625 [WARNING] Could get FontBBox from font descriptor because None cannot be parsed as 4 floats
2025-07-30 14:01:50,726 [INFO] ✅ Created 10 chunks for hr_travel_policy, saved to docs_chunks/hr_travel_policy_chunks.json
2025-07-30 14:01:50,726 [INFO] Processing document: data/HR Offer Letter.pdf
2025-07-30 14:01:50,726 [INFO] ============================================================
2025-07-30 14:01:50,731 [WARNING] Could get FontBBox from font descriptor because None cannot be parsed as 4 floats
2025-07-30 14:01:50,739 [WARNING] Could get FontBBox from font descriptor because None cannot be parsed as 4 floats
2025-07-30 14:01:50,827 [WARNING] Could get FontBBox from font descriptor because None cannot be parsed as 4 floats
2025-07-30 14:01:50,899 [WARNING] Could get FontBBox from font descriptor because None cannot be parsed as 4 floats
2025-07-30 14:01:50,973 [INFO] ✅ Created 1 chunks for sample_offer_letter, saved to docs_chunks/sample_offer_letter_chunks.json
2025-07-30 14:01:50,973 [INFO] ✅ All documents processed successfully.
